[2016-01-25 17:07:12]	Cannot open file 
[2016-01-25 17:07:12]	E:\Coding\MyEclipse\WordSeg\Data\KeyBlackList.pdat
[2016-01-25 19:35:12]	Cannot open file 
[2016-01-25 19:35:12]	E:\Coding\MyEclipse\WordSeg\Data\KeyBlackList.pdat
[2016-01-25 19:36:27]	Cannot open file 
[2016-01-25 19:36:27]	E:\Coding\MyEclipse\WordSeg\Data\KeyBlackList.pdat
[2016-01-25 19:36:50]	Cannot open file 
[2016-01-25 19:36:50]	E:\Coding\MyEclipse\WordSeg\Data\KeyBlackList.pdat
[2016-01-25 19:37:14]	Cannot open file 
[2016-01-25 19:37:14]	E:\Coding\MyEclipse\WordSeg\Data\KeyBlackList.pdat
[2016-01-25 20:39:17]	Cannot open file 
[2016-01-25 20:39:17]	E:\Coding\MyEclipse\WordSeg\Data\KeyBlackList.pdat
[2016-01-25 20:40:35]	Cannot open file 
[2016-01-25 20:40:35]	E:\Coding\MyEclipse\Classification\Data\KeyBlackList.pdat
[2016-01-25 20:40:35]	Failed Open file Failed Open file 
[2016-01-25 20:40:35]	Error read file
[2016-01-25 20:40:35]	E:\Coding\MyEclipse\Classification\source\userdic
[2016-01-25 20:41:23]	Cannot open file 
[2016-01-25 20:41:23]	E:\Coding\MyEclipse\Classification\Data\KeyBlackList.pdat
[2016-01-25 20:41:23]	Failed Open file Failed Open file 
[2016-01-25 20:41:23]	Error read file
[2016-01-25 20:41:23]	E:\Coding\MyEclipse\Classification\source\userdic
[2016-01-25 20:41:59]	Cannot open file 
[2016-01-25 20:41:59]	E:\Coding\MyEclipse\Classification\Data\KeyBlackList.pdat
[2016-01-25 20:41:59]	Failed Open file Failed Open file 
[2016-01-25 20:41:59]	Error read file
[2016-01-25 20:41:59]	E:\Coding\MyEclipse\Classification\source\userdic
[2016-01-25 20:42:12]	Cannot open file 
[2016-01-25 20:42:12]	E:\Coding\MyEclipse\Classification\Data\KeyBlackList.pdat
[2016-01-25 20:42:12]	Failed Open file Failed Open file 
[2016-01-25 20:42:12]	Error read file
[2016-01-25 20:42:12]	E:\Coding\MyEclipse\Classification\source\userdic
[2016-01-25 20:44:02]	Cannot open file 
[2016-01-25 20:44:02]	E:\Coding\MyEclipse\Classification\Data\KeyBlackList.pdat
[2016-01-25 20:44:02]	Failed Open file Failed Open file 
[2016-01-25 20:44:02]	Error read file
[2016-01-25 20:44:02]	E:\Coding\MyEclipse\Classification\source\userdic
[2016-01-25 20:44:52]	Cannot open file 
[2016-01-25 20:44:52]	E:\Coding\MyEclipse\Classification\Data\KeyBlackList.pdat
[2016-01-25 20:44:56]	Cannot open file 
[2016-01-25 20:44:56]	E:\Coding\MyEclipse\Classification\Data\KeyBlackList.pdat
[2016-01-25 20:54:57]	Cannot open file 
[2016-01-25 20:54:57]	E:\Coding\MyEclipse\Classification\Data\KeyBlackList.pdat
[2016-01-25 20:55:25]	Cannot open file 
[2016-01-25 20:55:25]	E:\Coding\MyEclipse\Classification\Data\KeyBlackList.pdat
[2016-01-25 20:58:32]	Cannot open file 
[2016-01-25 20:58:32]	E:\Coding\MyEclipse\Classification\Data\KeyBlackList.pdat
[2016-01-25 20:59:59]	Cannot open file 
[2016-01-25 20:59:59]	E:\Coding\MyEclipse\Classification\Data\KeyBlackList.pdat
[2016-01-25 21:03:23]	Cannot open file 
[2016-01-25 21:03:23]	E:\Coding\MyEclipse\Classification\Data\KeyBlackList.pdat
[2016-01-25 21:07:40]	Cannot open file 
[2016-01-25 21:07:40]	E:\Coding\MyEclipse\Classification\Data\KeyBlackList.pdat
[2016-01-25 21:07:49]	Cannot open file 
[2016-01-25 21:07:49]	E:\Coding\MyEclipse\Classification\Data\KeyBlackList.pdat
[2016-01-25 21:08:02]	Cannot open file 
[2016-01-25 21:08:02]	E:\Coding\MyEclipse\Classification\Data\KeyBlackList.pdat
[2016-01-25 21:09:57]	Cannot open file 
[2016-01-25 21:09:57]	E:\Coding\MyEclipse\Classification\Data\KeyBlackList.pdat
[2016-01-25 21:11:49]	Cannot open file 
[2016-01-25 21:11:49]	E:\Coding\MyEclipse\Classification\Data\KeyBlackList.pdat
[2016-01-25 21:13:01]	Cannot open file 
[2016-01-25 21:13:01]	E:\Coding\MyEclipse\Classification\Data\KeyBlackList.pdat
[2016-01-25 21:13:16]	Cannot open file 
[2016-01-25 21:13:16]	E:\Coding\MyEclipse\Classification\Data\KeyBlackList.pdat
[2016-01-25 22:22:55]	Cannot open file 
[2016-01-25 22:22:55]	E:\Coding\MyEclipse\Classification\Data\KeyBlackList.pdat
[2016-01-25 22:22:55]	Failed Open file à›â
[2016-01-25 22:22:55]	Error read file
[2016-01-25 22:22:55]	userdict.txt
[2016-01-25 22:34:10]	Cannot open file 
[2016-01-25 22:34:10]	E:\Coding\MyEclipse\Classification\Data\KeyBlackList.pdat
[2016-01-25 22:34:10]	Failed Open file à›h
[2016-01-25 22:34:10]	Error read file
[2016-01-25 22:34:10]	userdict.txt
